2026/05/15 09:08:13 INFO: HTTPS is enabled but cannot find the private key and/or certificate. Attempting to generate them
2026/05/15 09:08:13 INFO: Generated private key file in WAZUH_PATH/api/configuration/ssl/server.key
2026/05/15 09:08:13 INFO: Generated certificate file in WAZUH_PATH/api/configuration/ssl/server.crt
2026/05/15 09:08:13 INFO: Checking RBAC database integrity...
2026/05/15 09:08:13 INFO: RBAC database not found. Initializing
2026/05/15 09:08:16 INFO: /var/ossec/api/configuration/security/rbac.db database created successfully
2026/05/15 09:08:16 INFO: RBAC database integrity check finished successfully
2026/05/15 10:32:48 INFO: Checking RBAC database integrity...
2026/05/15 10:32:48 INFO: /var/ossec/api/configuration/security/rbac.db file was detected
2026/05/15 10:32:48 INFO: RBAC database integrity check finished successfully
2026/05/15 10:32:53 INFO: Listening on ['0.0.0.0', '::']:55000.
2026/05/15 10:32:53 INFO: Populating installation UID...
2026/05/15 10:32:53 INFO: Getting updates information...
2026/05/15 11:48:24 INFO: Checking RBAC database integrity...
2026/05/15 11:48:24 INFO: /var/ossec/api/configuration/security/rbac.db file was detected
2026/05/15 11:48:24 INFO: RBAC database integrity check finished successfully
2026/05/15 11:48:31 INFO: Listening on ['0.0.0.0', '::']:55000.
2026/05/15 11:48:31 INFO: Getting installation UID...
2026/05/15 11:48:31 INFO: Getting updates information...
2026/05/15 12:31:06 INFO: Checking RBAC database integrity...
2026/05/15 12:31:06 INFO: /var/ossec/api/configuration/security/rbac.db file was detected
2026/05/15 12:31:06 INFO: RBAC database integrity check finished successfully
2026/05/15 12:31:11 INFO: Listening on ['0.0.0.0', '::']:55000.
2026/05/15 12:31:11 INFO: Getting installation UID...
2026/05/15 12:31:11 INFO: Getting updates information...
2026/05/15 12:32:45 INFO: Checking RBAC database integrity...
2026/05/15 12:32:45 INFO: /var/ossec/api/configuration/security/rbac.db file was detected
2026/05/15 12:32:45 INFO: RBAC database integrity check finished successfully
2026/05/15 12:32:50 INFO: Listening on ['0.0.0.0', '::']:55000.
2026/05/15 12:32:50 INFO: Getting installation UID...
2026/05/15 12:32:50 INFO: Getting updates information...
2026/05/15 12:34:23 INFO: HTTPS is enabled but cannot find the private key and/or certificate. Attempting to generate them
2026/05/15 12:34:23 INFO: Generated private key file in WAZUH_PATH/api/configuration/ssl/server.key
2026/05/15 12:34:23 INFO: Generated certificate file in WAZUH_PATH/api/configuration/ssl/server.crt
2026/05/15 12:34:23 INFO: Checking RBAC database integrity...
2026/05/15 12:34:23 INFO: RBAC database not found. Initializing
2026/05/15 12:34:25 INFO: /var/ossec/api/configuration/security/rbac.db database created successfully
2026/05/15 12:34:25 INFO: RBAC database integrity check finished successfully
2026/05/15 12:34:30 INFO: Listening on ['0.0.0.0', '::']:55000.
2026/05/15 12:34:30 INFO: Populating installation UID...
2026/05/15 12:34:30 INFO: Getting updates information...
2026/05/15 12:35:11 INFO: Shutdown wazuh-apid server.
2026/05/15 12:35:13 INFO: Checking RBAC database integrity...
2026/05/15 12:35:13 INFO: /var/ossec/api/configuration/security/rbac.db file was detected
2026/05/15 12:35:13 INFO: RBAC database integrity check finished successfully
2026/05/15 12:35:18 INFO: Listening on ['0.0.0.0', '::']:55000.
2026/05/15 12:35:18 INFO: Getting installation UID...
2026/05/15 12:35:18 INFO: Getting updates information...
2026/05/15 12:39:22 INFO: Checking RBAC database integrity...
2026/05/15 12:39:22 INFO: /var/ossec/api/configuration/security/rbac.db file was detected
2026/05/15 12:39:22 INFO: RBAC database integrity check finished successfully
2026/05/15 12:39:26 INFO: Listening on ['0.0.0.0', '::']:55000.
2026/05/15 12:39:26 INFO: Getting installation UID...
2026/05/15 12:39:26 INFO: Getting updates information...
